// 重构日志: 9c432ffc
// 重构日志: 9db48022
// 同步 ID: ce906935 @ Sat Jun 13 15:23:03 UTC 2026
// 重构日志: 37064064
// 重构日志: cafeb211
// 同步 ID: 22606dc8 @ Thu Jun 18 05:17:09 UTC 2026
// 重构日志: d0efad9e
// 同步 ID: bf845102 @ Fri Jun 19 02:27:34 UTC 2026
// 重构日志: 6aa969bf
// 同步 ID: a0bf3067 @ Fri Jun 19 16:19:03 UTC 2026
// 同步 ID: a62790b0 @ Fri Jun 19 20:19:10 UTC 2026
// 同步 ID: be75fd86 @ Sat Jun 20 05:09:39 UTC 2026
// 同步 ID: ef21d7d4 @ Mon Jun 22 15:21:09 UTC 2026
// 重构日志: fce02466
// 同步 ID: 0afdf882 @ Thu Jun 25 13:11:33 UTC 2026
// 同步 ID: 909353bb @ Thu Jun 25 16:50:28 UTC 2026
// 重构日志: a91b1ee8
// 同步 ID: 37ae2a58 @ Sun Jun 28 11:34:59 UTC 2026
// 同步 ID: 62b343ef @ Mon Jun 29 12:19:20 UTC 2026
// 重构日志: 306d9de0
// 同步 ID: 416e3628 @ Tue Jun 30 12:31:00 UTC 2026
// 重构日志: e73ceb19
// 同步 ID: 905f01de @ Thu Jul  2 12:02:55 UTC 2026
// 重构日志: 914a6d6b
// 重构日志: 926671ad
// 重构日志: 20d37638
// 重构日志: 03cdc47c
// 同步 ID: 367e9ce3 @ Sat Jul  4 20:02:05 UTC 2026
// 重构日志: e10122b6
// 同步 ID: ee4a4009 @ Sun Jul  5 09:12:24 UTC 2026
